[2025-08-26 11:24:52,063] INFO django.utils.autoreload Watching for file changes with StatReloader
[2025-08-26 11:29:32,993] INFO django.utils.autoreload Watching for file changes with StatReloader
[2025-08-26 11:30:48,173] INFO django.utils.autoreload C:\Users\enzo\Documents\App Indicadores\api\views.py changed, reloading.
[2025-08-26 11:30:48,715] INFO django.utils.autoreload Watching for file changes with StatReloader
[2025-08-26 11:34:20,232] INFO django.utils.autoreload C:\Users\enzo\Documents\App Indicadores\api\views.py changed, reloading.
[2025-08-26 11:34:20,834] INFO django.utils.autoreload Watching for file changes with StatReloader
[2025-08-26 11:34:52,293] INFO django.utils.autoreload Watching for file changes with StatReloader
[2025-08-26 11:35:54,418] INFO django.utils.autoreload C:\Users\enzo\Documents\App Indicadores\api\views.py changed, reloading.
[2025-08-26 11:35:55,115] INFO django.utils.autoreload Watching for file changes with StatReloader
[2025-08-26 11:36:06,105] INFO django.utils.autoreload C:\Users\enzo\Documents\App Indicadores\api\views.py changed, reloading.
[2025-08-26 11:36:06,667] INFO django.utils.autoreload Watching for file changes with StatReloader
[2025-08-26 11:37:46,218] INFO django.utils.autoreload Watching for file changes with StatReloader
[2025-08-26 11:39:01,801] INFO django.utils.autoreload C:\Users\enzo\Documents\App Indicadores\api\views.py changed, reloading.
[2025-08-26 11:39:02,463] INFO django.utils.autoreload Watching for file changes with StatReloader
[2025-08-26 11:40:34,810] INFO django.utils.autoreload Watching for file changes with StatReloader
[2025-08-26 11:41:42,170] INFO django.utils.autoreload C:\Users\enzo\Documents\App Indicadores\api\urls.py changed, reloading.
[2025-08-26 11:41:42,820] INFO django.utils.autoreload Watching for file changes with StatReloader
[2025-08-26 11:43:36,916] INFO django.utils.autoreload C:\Users\enzo\Documents\App Indicadores\api\admin.py changed, reloading.
[2025-08-26 11:43:37,618] INFO django.utils.autoreload Watching for file changes with StatReloader
[2025-08-26 11:44:01,599] INFO django.utils.autoreload Watching for file changes with StatReloader
[2025-08-26 11:45:02,144] INFO django.utils.autoreload Watching for file changes with StatReloader
[2025-08-26 11:45:18,839] INFO django.server "GET /front-app/indicadores.html HTTP/1.1" 304 0
[2025-08-26 11:45:26,492] WARNING django.request Unauthorized: /api/token/
[2025-08-26 11:45:26,493] WARNING django.server "POST /api/token/ HTTP/1.1" 401 45
[2025-08-26 11:45:35,200] WARNING django.request Unauthorized: /api/token/
[2025-08-26 11:45:35,201] WARNING django.server "POST /api/token/ HTTP/1.1" 401 45
[2025-08-26 11:45:42,889] WARNING django.request Not Found: /.well-known/appspecific/com.chrome.devtools.json
[2025-08-26 11:45:42,890] WARNING django.server "GET /.well-known/appspecific/com.chrome.devtools.json HTTP/1.1" 404 3476
[2025-08-26 11:47:01,791] WARNING django.request Unauthorized: /api/token/
[2025-08-26 11:47:01,792] WARNING django.server "POST /api/token/ HTTP/1.1" 401 45
[2025-08-26 11:48:24,286] INFO django.utils.autoreload C:\Users\enzo\Documents\App Indicadores\api\models.py changed, reloading.
[2025-08-26 11:48:25,007] INFO django.utils.autoreload Watching for file changes with StatReloader
[2025-08-26 11:49:55,605] INFO django.utils.autoreload Watching for file changes with StatReloader
[2025-08-26 11:49:59,973] WARNING django.request Unauthorized: /api/token/
[2025-08-26 11:49:59,974] WARNING django.server "POST /api/token/ HTTP/1.1" 401 45
[2025-08-26 11:50:10,358] WARNING django.request Unauthorized: /api/token/
[2025-08-26 11:50:10,359] WARNING django.server "POST /api/token/ HTTP/1.1" 401 45
[2025-08-26 11:54:01,404] INFO django.utils.autoreload C:\Users\enzo\Documents\App Indicadores\api\views.py changed, reloading.
[2025-08-26 11:54:02,098] INFO django.utils.autoreload Watching for file changes with StatReloader
[2025-08-26 11:54:22,440] INFO django.utils.autoreload C:\Users\enzo\Documents\App Indicadores\api\views.py changed, reloading.
[2025-08-26 11:54:22,981] INFO django.utils.autoreload Watching for file changes with StatReloader
[2025-08-26 11:56:53,816] INFO django.utils.autoreload C:\Users\enzo\Documents\App Indicadores\api\views.py changed, reloading.
[2025-08-26 11:56:54,387] INFO django.utils.autoreload Watching for file changes with StatReloader
[2025-08-26 11:57:11,653] INFO django.utils.autoreload C:\Users\enzo\Documents\App Indicadores\api\serializers.py changed, reloading.
[2025-08-26 11:57:12,257] INFO django.utils.autoreload Watching for file changes with StatReloader
[2025-08-26 11:58:02,808] INFO django.utils.autoreload C:\Users\enzo\Documents\App Indicadores\api\urls.py changed, reloading.
[2025-08-26 11:58:03,404] INFO django.utils.autoreload Watching for file changes with StatReloader
[2025-08-26 11:58:17,680] INFO django.utils.autoreload Watching for file changes with StatReloader
[2025-08-26 13:16:03,264] WARNING django.request Unauthorized: /api/token/
[2025-08-26 13:16:03,266] WARNING django.server "POST /api/token/ HTTP/1.1" 401 45
[2025-08-26 13:16:06,796] INFO django.server "GET /front-app/login.html HTTP/1.1" 304 0
[2025-08-26 13:16:06,850] WARNING django.request Not Found: /.well-known/appspecific/com.chrome.devtools.json
[2025-08-26 13:16:06,851] WARNING django.server "GET /.well-known/appspecific/com.chrome.devtools.json HTTP/1.1" 404 3476
[2025-08-26 13:16:10,356] INFO django.server "GET /front-app/login.html HTTP/1.1" 200 1949
[2025-08-26 13:16:10,388] WARNING django.request Not Found: /.well-known/appspecific/com.chrome.devtools.json
[2025-08-26 13:16:10,391] WARNING django.server "GET /.well-known/appspecific/com.chrome.devtools.json HTTP/1.1" 404 3476
[2025-08-26 13:16:10,391] INFO django.server "GET /front-app/style.css HTTP/1.1" 200 2575
[2025-08-26 13:16:10,394] INFO django.server "GET /front-app/js/config.js HTTP/1.1" 200 45
[2025-08-26 13:16:10,394] INFO django.server "GET /front-app/js/login.js HTTP/1.1" 200 2896
[2025-08-26 13:16:12,201] WARNING django.request Not Found: /favicon.ico
[2025-08-26 13:16:12,201] WARNING django.server "GET /favicon.ico HTTP/1.1" 404 3365
[2025-08-26 13:16:23,730] WARNING django.request Unauthorized: /api/token/
[2025-08-26 13:16:23,731] WARNING django.server "POST /api/token/ HTTP/1.1" 401 45
[2025-08-26 13:30:37,830] INFO django.utils.autoreload C:\Users\enzo\Documents\App Indicadores\indicadores\settings.py changed, reloading.
[2025-08-26 13:30:38,760] INFO django.utils.autoreload Watching for file changes with StatReloader
[2025-08-26 13:30:47,474] INFO django.server "GET /front-app/login.html HTTP/1.1" 200 1949
[2025-08-26 13:30:47,513] WARNING django.request Not Found: /.well-known/appspecific/com.chrome.devtools.json
[2025-08-26 13:30:47,514] WARNING django.server "GET /.well-known/appspecific/com.chrome.devtools.json HTTP/1.1" 404 3476
[2025-08-26 13:30:47,514] INFO django.server "GET /front-app/style.css HTTP/1.1" 200 2575
[2025-08-26 13:30:47,514] INFO django.server "GET /front-app/js/login.js HTTP/1.1" 200 2896
[2025-08-26 13:30:47,516] INFO django.server "GET /front-app/js/config.js HTTP/1.1" 200 45
[2025-08-26 13:30:48,428] WARNING django.request Not Found: /favicon.ico
[2025-08-26 13:30:48,429] WARNING django.server "GET /favicon.ico HTTP/1.1" 404 3365
[2025-08-26 13:30:56,288] INFO django.server "POST /api/token/ HTTP/1.1" 200 605
[2025-08-26 13:30:56,339] INFO django.server "GET /api/me/ HTTP/1.1" 200 157
[2025-08-26 13:30:56,381] WARNING django.request Not Found: /.well-known/appspecific/com.chrome.devtools.json
[2025-08-26 13:30:56,385] WARNING django.server "GET /.well-known/appspecific/com.chrome.devtools.json HTTP/1.1" 404 3476
[2025-08-26 13:30:56,606] INFO django.server "GET /api/meu-usuario/ HTTP/1.1" 200 313
[2025-08-26 13:30:56,665] WARNING django.request Not Found: /api/indicadores/dados-consolidados/
[2025-08-26 13:30:56,670] WARNING django.server "GET /api/indicadores/dados-consolidados/ HTTP/1.1" 404 29
[2025-08-26 13:30:56,670] INFO django.server "GET /api/setores/ HTTP/1.1" 200 811
[2025-08-26 13:30:56,679] INFO django.server "GET /api/meu-usuario/ HTTP/1.1" 200 313
[2025-08-26 13:30:56,731] INFO django.server "GET /api/meu-usuario/ HTTP/1.1" 200 313
[2025-08-26 13:33:14,126] INFO django.utils.autoreload C:\Users\enzo\Documents\App Indicadores\api\views.py changed, reloading.
[2025-08-26 13:33:14,892] INFO django.utils.autoreload Watching for file changes with StatReloader
[2025-08-26 13:33:38,553] INFO django.utils.autoreload Watching for file changes with StatReloader
[2025-08-26 13:34:50,902] INFO django.utils.autoreload C:\Users\enzo\Documents\App Indicadores\api\serializers.py changed, reloading.
[2025-08-26 13:34:51,550] INFO django.utils.autoreload Watching for file changes with StatReloader
[2025-08-26 13:35:41,091] INFO django.utils.autoreload C:\Users\enzo\Documents\App Indicadores\api\serializers.py changed, reloading.
[2025-08-26 13:35:41,831] INFO django.utils.autoreload Watching for file changes with StatReloader
[2025-08-26 13:35:50,772] INFO django.utils.autoreload C:\Users\enzo\Documents\App Indicadores\indicadores\settings.py changed, reloading.
